{"level":"info","message":""}
{"level":"info","message":"valeu boi"}
{"level":"info","message":"valeu boi"}
{"level":"info","message":"valeu boi"}
{"level":"info","message":"valeu boi"}
{"level":"info","message":"valeu boi"}
{"level":"info","message":"valeu boi"}
{"level":"info","message":"valeu boi"}
{"level":"info","message":"valeu boi"}
{"level":"info","message":"valeu boi"}
{"level":"info","message":"valeu boi"}
{"level":"info","message":"valeu boi"}
{"level":"info","message":"valeu boi"}
{"level":"info","message":"valeu boi"}
{"level":"info","message":"valeu boi"}
{"level":"info","message":"valeu boi"}
{"level":"info","message":"valeu boi"}
{"level":"info","message":"valeu boi"}
{"level":"info","message":"valeu boi"}
{"level":"info","message":"valeu boi"}
{"level":"info","message":"valeu boi"}
{"level":"info","message":"valeu boi"}
{"level":"info","message":"valeu boi"}
{"level":"info","message":"valeu boi"}
{"level":"info","message":"valeu boi"}
{"level":"info","message":"valeu boi"}
{"level":"info","message":"valeu boi"}
{"level":"info","message":"valeu boi"}
{"level":"info","message":"valeu boi"}
{"level":"info","message":"valeu boi"}
{"level":"info","message":"valeu boi"}
{"level":"info","message":"valeu boi"}
{"level":"info","message":"valeu boi"}
{"level":"info","message":"valeu boi"}
{"level":"info","message":"valeu boi"}
{"level":"info","message":"valeu boi"}
{"level":"info","message":"valeu boi"}
{"level":"info","message":"valeu boi"}
{"level":"info","message":"valeu boi"}
{"level":"info","message":"valeu boi"}
{"level":"info","message":"valeu boi"}
{"level":"info","message":"valeu boi"}
{"level":"info","message":"valeu boi"}
{"level":"info","message":"valeu boi"}
{"level":"info","message":"valeu boi"}
{"level":"info","message":"valeu boi"}
{"level":"info","message":"valeu boi"}
{"level":"info","message":"valeu boi"}
{"level":"info","message":"valeu boi"}
{"level":"info","message":"valeu boi"}
{"level":"info","message":"valeu boi"}
{"level":"info","message":"valeu boi"}
{"level":"info","message":"valeu boi"}
{"level":"info","message":"valeu boi"}
{"level":"info","message":"valeu boi"}
{"level":"info","message":"valeu boi"}
{"level":"info","message":"valeu boi"}
{"level":"info","message":"valeu boi"}
{"level":"info","message":"valeu boi"}
{"level":"info","message":"valeu boi"}
{"level":"info","message":"valeu boi"}
{"level":"info","message":"valeu boi"}
{"level":"info","message":"valeu boi"}
{"level":"info","message":"valeu boi"}
{"level":"info","message":"valeu boi"}
{"level":"info","message":"valeu boi"}
{"level":"info","message":"valeu boi"}
{"level":"info","message":"valeu boi"}
{"level":"info","message":"valeu boi"}
{"level":"info","message":"valeu boi"}
{"level":"info","message":"valeu boi"}
{"level":"info","message":"valeu boi"}
{"level":"info","message":"valeu boi"}
{"level":"info","message":"valeu boi"}
{"level":"info","message":"valeu boi"}
{"level":"info","message":"valeu boi"}
{"level":"info","message":"valeu boi"}
{"level":"info","message":"valeu boi"}
{"level":"info","message":"valeu boi"}
{"level":"info","message":"valeu boi"}
{"level":"info","message":"valeu boi"}
{"level":"info","message":"valeu boi"}
{"level":"info","message":"valeu boi"}
{"level":"info","message":"valeu boi"}
{"level":"info","message":"valeu boi"}
{"level":"info","message":"valeu boi"}
{"level":"info","message":"valeu boi"}
{"level":"info","message":"valeu boi"}
{"level":"info","message":"valeu boi"}
{"level":"info","message":"valeu boi"}
{"level":"info","message":"valeu boi"}
{"level":"info","message":"valeu boi"}
{"level":"info","message":"valeu boi"}
{"level":"info","message":"valeu boi"}
{"level":"info","message":"valeu boi"}
{"level":"info","message":"valeu boi"}
{"level":"info","message":"valeu boi"}
{"level":"info","message":"valeu boi"}
{"level":"info","message":"valeu boi"}
{"level":"info","message":"valeu boi"}
{"level":"info","message":"valeu boi"}
{"level":"info","message":"valeu boi"}
{"level":"info","message":"valeu boi"}
{"level":"info","message":"valeu boi"}
{"level":"info","message":"valeu boi"}
{"level":"info","message":"valeu boi"}
{"level":"info","message":"valeu boi"}
{"level":"info","message":"valeu boi"}
{"level":"info","message":"valeu boi"}
{"level":"info","message":"valeu boi"}
{"level":"info","message":"valeu boi"}
{"level":"info","message":"Posts obtidos com sucesso"}
{"level":"info","message":"Posts obtidos com sucesso"}
{"level":"info","message":"Posts obtidos com sucesso"}
{"level":"info","message":"Posts obtidos com sucesso"}
{"level":"info","message":"Posts obtidos com sucesso"}
{"level":"info","message":"Posts obtidos com sucesso"}
{"level":"info","message":"Posts obtidos com sucesso"}
{"level":"info","message":"Posts obtidos com sucesso"}
{"level":"info","message":"Posts obtidos com sucesso"}
{"level":"info","message":"Posts obtidos com sucesso"}
{"level":"info","message":"Posts obtidos com sucesso"}
{"level":"info","message":"Posts obtidos com sucesso"}
{"level":"info","message":"Posts obtidos com sucesso"}
{"level":"info","message":"Posts obtidos com sucesso"}
{"level":"info","message":"Posts obtidos com sucesso"}
{"level":"info","message":"Posts obtidos com sucesso"}
{"level":"info","message":"Posts obtidos com sucesso"}
{"level":"info","message":"Posts obtidos com sucesso"}
{"level":"info","message":"Posts obtidos com sucesso"}
{"level":"info","message":"Posts obtidos com sucesso"}
{"level":"info","message":"Posts obtidos com sucesso"}
{"level":"info","message":"Posts obtidos com sucesso"}
{"level":"info","message":"Posts obtidos com sucesso"}
{"level":"info","message":"Posts obtidos com sucesso"}
{"level":"info","message":"Posts obtidos com sucesso"}
{"level":"info","message":"Posts obtidos com sucesso"}
{"level":"info","message":"Posts obtidos com sucesso"}
{"level":"info","message":"Posts obtidos com sucesso"}
{"level":"info","message":"Posts obtidos com sucesso"}
{"level":"info","message":"Posts obtidos com sucesso"}
{"level":"info","message":"Posts obtidos com sucesso"}
{"level":"info","message":"Posts obtidos com sucesso"}
{"level":"info","message":"Posts obtidos com sucesso"}
{"level":"info","message":"Posts obtidos com sucesso"}
{"level":"info","message":"Posts obtidos com sucesso"}
{"level":"info","message":"Posts obtidos com sucesso"}
{"error":{"clientVersion":"6.11.1","name":"PrismaClientInitializationError"},"level":"error","message":"Falha ao obter posts"}
{"error":{"clientVersion":"6.11.1","name":"PrismaClientInitializationError"},"level":"error","message":"Falha ao obter posts"}
{"error":{"clientVersion":"6.11.1","name":"PrismaClientInitializationError"},"level":"error","message":"Falha ao obter posts"}
{"error":{},"level":"error","message":"Falha ao obter posts"}
{"error":{},"level":"error","message":"Falha ao obter posts"}
{"level":"info","message":"Posts obtidos com sucesso"}
{"level":"info","message":"Posts obtidos com sucesso"}
{"level":"info","message":"Posts obtidos com sucesso"}
{"error":{},"level":"error","message":"Falha ao obter posts"}
{"error":{},"level":"error","message":"Falha ao obter posts"}
{"error":{"clientVersion":"6.11.1","name":"PrismaClientValidationError"},"level":"error","message":"Falha ao obter posts"}
{"error":{},"level":"error","message":"Falha ao obter o post com o slug: ","slug":"explorando-flexbox-no-csss"}
{"error":{"clientVersion":"6.11.1","name":"PrismaClientInitializationError"},"level":"error","message":"Falha ao obter posts"}
